<?xml version="1.0" encoding="UTF-8"?>
<testng-results ignored="0" total="1" passed="1" failed="0" skipped="0">
  <reporter-output>
  </reporter-output>
  <suite started-at="2020-09-22T00:00:27Z" name="Default suite" finished-at="2020-09-22T00:00:38Z" duration-ms="10748">
    <groups>
    </groups>
    <test started-at="2020-09-22T00:00:27Z" name="Default test" finished-at="2020-09-22T00:00:38Z" duration-ms="10748">
      <class name="com.qa.Test.TableTestCricket">
        <test-method is-config="true" signature="startUp()[pri:0, instance:com.qa.Test.TableTestCricket@6a01e23]" started-at="2020-09-22T00:00:27Z" name="startUp" finished-at="2020-09-22T00:00:35Z" duration-ms="7814" status="PASS">
          <reporter-output>
          </reporter-output>
        </test-method> <!-- startUp -->
        <test-method signature="methodOne()[pri:0, instance:com.qa.Test.TableTestCricket@6a01e23]" started-at="2020-09-22T00:00:35Z" name="methodOne" finished-at="2020-09-22T00:00:37Z" duration-ms="2256" status="PASS">
          <reporter-output>
          </reporter-output>
        </test-method> <!-- methodOne -->
        <test-method is-config="true" signature="tearDown()[pri:0, instance:com.qa.Test.TableTestCricket@6a01e23]" started-at="2020-09-22T00:00:37Z" name="tearDown" finished-at="2020-09-22T00:00:38Z" duration-ms="654" status="PASS">
          <reporter-output>
          </reporter-output>
        </test-method> <!-- tearDown -->
      </class> <!-- com.qa.Test.TableTestCricket -->
    </test> <!-- Default test -->
  </suite> <!-- Default suite -->
</testng-results>
